<?xml version="1.0" encoding="UTF-8"?>
<!-- Generated by org.testng.reporters.JUnitXMLReporter -->
<testsuite ignored="0" hostname="LAPTOP-T2SHION8" failures="0" tests="7" name="Command line test" time="0.114" errors="0" timestamp="2025-02-24T12:22:56 WET">
  <testcase classname="TestTask1" name="testElementsAreEqual" time="0.027"/>
  <testcase classname="TestTask1" name="testFirstElementIsGreater" time="0.001"/>
  <testcase classname="TestTask1" name="testFirstFromThreeElementIsGreater" time="0.001"/>
  <testcase classname="TestTask1" name="testNegativeNumbers" time="0.0"/>
  <testcase classname="TestTask1" name="testSecondElementIsGreater" time="0.001"/>
  <testcase classname="TestTask1" name="testZeroAndNegativeNumber" time="0.001"/>
  <testcase classname="TestTask1" name="testZeroAndPositiveNumber" time="0.001"/>
</testsuite> <!-- Command line test -->
