<?xml version="1.0" encoding="UTF-8"?>
<testng-results ignored="0" total="7" passed="7" failed="0" skipped="0">
  <reporter-output>
  </reporter-output>
  <suite started-at="2025-02-24T12:22:56 WET" name="TestTask1" finished-at="2025-02-24T12:22:56 WET" duration-ms="114">
    <groups>
    </groups>
    <test started-at="2025-02-24T12:22:56 WET" name="Command line test" finished-at="2025-02-24T12:22:56 WET" duration-ms="114">
      <class name="TestTask1">
        <test-method signature="testElementsAreEqual()[pri:0, instance:TestTask1@6591f517]" started-at="2025-02-24T12:22:56 WET" name="testElementsAreEqual" finished-at="2025-02-24T12:22:56 WET" duration-ms="27" status="PASS">
          <reporter-output>
          </reporter-output>
        </test-method> <!-- testElementsAreEqual -->
        <test-method signature="testFirstElementIsGreater()[pri:0, instance:TestTask1@6591f517]" started-at="2025-02-24T12:22:56 WET" name="testFirstElementIsGreater" finished-at="2025-02-24T12:22:56 WET" duration-ms="1" status="PASS">
          <reporter-output>
          </reporter-output>
        </test-method> <!-- testFirstElementIsGreater -->
        <test-method signature="testFirstFromThreeElementIsGreater()[pri:0, instance:TestTask1@6591f517]" started-at="2025-02-24T12:22:56 WET" name="testFirstFromThreeElementIsGreater" finished-at="2025-02-24T12:22:56 WET" duration-ms="1" status="PASS">
          <reporter-output>
          </reporter-output>
        </test-method> <!-- testFirstFromThreeElementIsGreater -->
        <test-method signature="testNegativeNumbers()[pri:0, instance:TestTask1@6591f517]" started-at="2025-02-24T12:22:56 WET" name="testNegativeNumbers" finished-at="2025-02-24T12:22:56 WET" duration-ms="0" status="PASS">
          <reporter-output>
          </reporter-output>
        </test-method> <!-- testNegativeNumbers -->
        <test-method signature="testSecondElementIsGreater()[pri:0, instance:TestTask1@6591f517]" started-at="2025-02-24T12:22:56 WET" name="testSecondElementIsGreater" finished-at="2025-02-24T12:22:56 WET" duration-ms="1" status="PASS">
          <reporter-output>
          </reporter-output>
        </test-method> <!-- testSecondElementIsGreater -->
        <test-method signature="testZeroAndNegativeNumber()[pri:0, instance:TestTask1@6591f517]" started-at="2025-02-24T12:22:56 WET" name="testZeroAndNegativeNumber" finished-at="2025-02-24T12:22:56 WET" duration-ms="1" status="PASS">
          <reporter-output>
          </reporter-output>
        </test-method> <!-- testZeroAndNegativeNumber -->
        <test-method signature="testZeroAndPositiveNumber()[pri:0, instance:TestTask1@6591f517]" started-at="2025-02-24T12:22:56 WET" name="testZeroAndPositiveNumber" finished-at="2025-02-24T12:22:56 WET" duration-ms="1" status="PASS">
          <reporter-output>
          </reporter-output>
        </test-method> <!-- testZeroAndPositiveNumber -->
      </class> <!-- TestTask1 -->
    </test> <!-- Command line test -->
  </suite> <!-- TestTask1 -->
</testng-results>
