<?xml version="1.0" encoding="UTF-8" ?>
<testsuite tests="7" failures="0" name="TestTask1" time="0.036" errors="0" skipped="0">
  <properties>
[...]
</properties>
  <testcase classname="TestTask1" name="testElementsAreEqual" time="0.03"/>
  <testcase classname="TestTask1" name="testFirstElementIsGreater" time="0.001"/>
  <testcase classname="TestTask1" name="testFirstFromThreeElementIsGreater" time="0.001"/>
  <testcase classname="TestTask1" name="testNegativeNumbers" time="0.002"/>
  <testcase classname="TestTask1" name="testSecondElementIsGreater" time="0.001"/>
  <testcase classname="TestTask1" name="testZeroAndNegativeNumber" time="0"/>
  <testcase classname="TestTask1" name="testZeroAndPositiveNumber" time="0.001"/>
</testsuite>